<?xml version="1.0" encoding="UTF-8"?>
<!-- Generated by org.testng.reporters.JUnitReportReporter -->
<testsuite skipped="0" hostname="DESKTOP-ID9MJDP" name="com.wbl.basics.HomePage" tests="1" failures="0" timestamp="26 Apr 2017 19:40:49 GMT" time="2.830" errors="0">
  <testcase name="searchBox" time="2.830" classname="com.wbl.basics.HomePage"/>
</testsuite> <!-- com.wbl.basics.HomePage -->
